[INF]: LY: Searching for "ietf-yang-types" in "/home/M-Plane-Scripts/sysrepo/build/repository/yang".
[INF]: LY: Newer revision than "ietf-yang-types@2013-07-15" not found, using this as the latest revision.
[INF]: SR: Applying scheduled changes.
[INF]: LY: Searching for "ietf-datastores" in "/home/M-Plane-Scripts/sysrepo/build/repository/yang".
[INF]: LY: Loading schema from "/home/M-Plane-Scripts/sysrepo/build/repository/yang/ietf-datastores@2018-02-14.yang" file.
[INF]: LY: Searching for "ietf-yang-library" in "/home/M-Plane-Scripts/sysrepo/build/repository/yang".
[INF]: LY: Loading schema from "/home/M-Plane-Scripts/sysrepo/build/repository/yang/ietf-yang-library@2019-01-04.yang" file.
[INF]: LY: Searching for "ietf-yang-types" in "/home/M-Plane-Scripts/sysrepo/build/repository/yang".
[INF]: LY: Newer revision than "ietf-yang-types@2013-07-15" not found, using this as the latest revision.
[INF]: LY: Searching for "ietf-inet-types" in "/home/M-Plane-Scripts/sysrepo/build/repository/yang".
[INF]: LY: Newer revision than "ietf-inet-types@2013-07-15" not found, using this as the latest revision.
[INF]: LY: Searching for "sysrepo-monitoring" in "/home/M-Plane-Scripts/sysrepo/build/repository/yang".
[INF]: LY: Loading schema from "/home/M-Plane-Scripts/sysrepo/build/repository/yang/sysrepo-monitoring@2021-07-29.yang" file.
[INF]: LY: Searching for "ietf-yang-types" in "/home/M-Plane-Scripts/sysrepo/build/repository/yang".
[INF]: LY: Newer revision than "ietf-yang-types@2013-07-15" not found, using this as the latest revision.
[INF]: LY: Implemented module "ietf-datastores@2018-02-14" is not used for import, revision "2018-02-14" is imported instead.
[INF]: LY: Searching for "sysrepo-plugind" in "/home/M-Plane-Scripts/sysrepo/build/repository/yang".
[INF]: LY: Loading schema from "/home/M-Plane-Scripts/sysrepo/build/repository/yang/sysrepo-plugind@2020-12-10.yang" file.
[INF]: LY: Searching for "ietf-netconf" in "/home/M-Plane-Scripts/sysrepo/build/repository/yang".
[INF]: LY: Loading schema from "/home/M-Plane-Scripts/sysrepo/build/repository/yang/ietf-netconf@2013-09-29.yang" file.
[INF]: LY: Searching for "ietf-inet-types" in "/home/M-Plane-Scripts/sysrepo/build/repository/yang".
[INF]: LY: Newer revision than "ietf-inet-types@2013-07-15" not found, using this as the latest revision.
[INF]: LY: Searching for "ietf-netconf-acm" in "/home/M-Plane-Scripts/sysrepo/build/repository/yang".
[INF]: LY: Loading schema from "/home/M-Plane-Scripts/sysrepo/build/repository/yang/ietf-netconf-acm@2018-02-14.yang" file.
[INF]: LY: Searching for "ietf-yang-types" in "/home/M-Plane-Scripts/sysrepo/build/repository/yang".
[INF]: LY: Newer revision than "ietf-yang-types@2013-07-15" not found, using this as the latest revision.
[INF]: LY: Searching for "ietf-yang-metadata" in "/home/M-Plane-Scripts/sysrepo/build/repository/yang".
[INF]: LY: Newer revision than "ietf-yang-metadata@2016-08-05" not found, using this as the latest revision.
[INF]: LY: Searching for "ietf-yang-types" in "/home/M-Plane-Scripts/sysrepo/build/repository/yang".
[INF]: LY: Newer revision than "ietf-yang-types@2013-07-15" not found, using this as the latest revision.
[INF]: LY: Searching for "ietf-netconf-with-defaults" in "/home/M-Plane-Scripts/sysrepo/build/repository/yang".
[INF]: LY: Loading schema from "/home/M-Plane-Scripts/sysrepo/build/repository/yang/ietf-netconf-with-defaults@2011-06-01.yang" file.
[INF]: LY: Searching for "ietf-yang-metadata" in "/home/M-Plane-Scripts/sysrepo/build/repository/yang".
[INF]: LY: Newer revision than "ietf-yang-metadata@2016-08-05" not found, using this as the latest revision.
[INF]: LY: Searching for "ietf-netconf-notifications" in "/home/M-Plane-Scripts/sysrepo/build/repository/yang".
[INF]: LY: Loading schema from "/home/M-Plane-Scripts/sysrepo/build/repository/yang/ietf-netconf-notifications@2012-02-06.yang" file.
[INF]: LY: Searching for "ietf-inet-types" in "/home/M-Plane-Scripts/sysrepo/build/repository/yang".
[INF]: LY: Newer revision than "ietf-inet-types@2013-07-15" not found, using this as the latest revision.
[INF]: LY: Implemented module "ietf-netconf@2013-09-29" is not used for import, revision "2013-09-29" is imported instead.
[INF]: LY: Searching for "ietf-origin" in "/home/M-Plane-Scripts/sysrepo/build/repository/yang".
[INF]: LY: Loading schema from "/home/M-Plane-Scripts/sysrepo/build/repository/yang/ietf-origin@2018-02-14.yang" file.
[INF]: LY: Searching for "ietf-yang-metadata" in "/home/M-Plane-Scripts/sysrepo/build/repository/yang".
[INF]: LY: Newer revision than "ietf-yang-metadata@2016-08-05" not found, using this as the latest revision.
[INF]: LY: Implemented module "ietf-netconf-acm@2018-02-14" was not and will not be imported if the revision-date is missing in the import statement. Instead, the revision "2018-02-14" is imported.
[INF]: LY: Searching for "ietf-netconf-monitoring" in "/home/M-Plane-Scripts/sysrepo/build/repository/yang".
[INF]: LY: Loading schema from "/home/M-Plane-Scripts/sysrepo/build/repository/yang/ietf-netconf-monitoring@2010-10-04.yang" file.
[INF]: LY: Searching for "ietf-yang-types" in "/home/M-Plane-Scripts/sysrepo/build/repository/yang".
[INF]: LY: Newer revision than "ietf-yang-types@2013-07-15" not found, using this as the latest revision.
[INF]: LY: Searching for "ietf-inet-types" in "/home/M-Plane-Scripts/sysrepo/build/repository/yang".
[INF]: LY: Newer revision than "ietf-inet-types@2013-07-15" not found, using this as the latest revision.
[INF]: LY: Searching for "ietf-netconf-nmda" in "/home/M-Plane-Scripts/sysrepo/build/repository/yang".
[INF]: LY: Loading schema from "/home/M-Plane-Scripts/sysrepo/build/repository/yang/ietf-netconf-nmda@2019-01-07.yang" file.
[INF]: LY: Searching for "ietf-yang-types" in "/home/M-Plane-Scripts/sysrepo/build/repository/yang".
[INF]: LY: Newer revision than "ietf-yang-types@2013-07-15" not found, using this as the latest revision.
[INF]: LY: Searching for "ietf-inet-types" in "/home/M-Plane-Scripts/sysrepo/build/repository/yang".
[INF]: LY: Newer revision than "ietf-inet-types@2013-07-15" not found, using this as the latest revision.
[INF]: LY: Implemented module "ietf-datastores@2018-02-14" is not used for import, revision "2018-02-14" is imported instead.
[INF]: LY: Implemented module "ietf-netconf@2013-09-29" is not used for import, revision "2013-09-29" is imported instead.
[INF]: LY: Searching for "nc-notifications" in "/home/M-Plane-Scripts/sysrepo/build/repository/yang".
[INF]: LY: Loading schema from "/home/M-Plane-Scripts/sysrepo/build/repository/yang/nc-notifications@2008-07-14.yang" file.
[INF]: LY: Searching for "ietf-yang-types" in "/home/M-Plane-Scripts/sysrepo/build/repository/yang".
[INF]: LY: Newer revision than "ietf-yang-types@2013-07-15" not found, using this as the latest revision.
[INF]: LY: Searching for "notifications" in "/home/M-Plane-Scripts/sysrepo/build/repository/yang".
[INF]: LY: Loading schema from "/home/M-Plane-Scripts/sysrepo/build/repository/yang/notifications@2008-07-14.yang" file.
[INF]: LY: Searching for "ietf-yang-types" in "/home/M-Plane-Scripts/sysrepo/build/repository/yang".
[INF]: LY: Newer revision than "ietf-yang-types@2013-07-15" not found, using this as the latest revision.
[INF]: LY: Implemented module "notifications@2008-07-14" was not and will not be imported if the revision-date is missing in the import statement. Instead, the revision "2008-07-14" is imported.
[INF]: LY: Searching for "ietf-x509-cert-to-name" in "/home/M-Plane-Scripts/sysrepo/build/repository/yang".
[INF]: LY: Loading schema from "/home/M-Plane-Scripts/sysrepo/build/repository/yang/ietf-x509-cert-to-name@2014-12-10.yang" file.
[INF]: LY: Searching for "ietf-yang-types" in "/home/M-Plane-Scripts/sysrepo/build/repository/yang".
[INF]: LY: Newer revision than "ietf-yang-types@2013-07-15" not found, using this as the latest revision.
[INF]: LY: Searching for "ietf-crypto-types" in "/home/M-Plane-Scripts/sysrepo/build/repository/yang".
[INF]: LY: Loading schema from "/home/M-Plane-Scripts/sysrepo/build/repository/yang/ietf-crypto-types@2019-07-02.yang" file.
[INF]: LY: Searching for "ietf-yang-types" in "/home/M-Plane-Scripts/sysrepo/build/repository/yang".
[INF]: LY: Newer revision than "ietf-yang-types@2013-07-15" not found, using this as the latest revision.
[INF]: LY: Implemented module "ietf-netconf-acm@2018-02-14" is not used for import, revision "2018-02-14" is imported instead.
[INF]: LY: Searching for "ietf-keystore" in "/home/M-Plane-Scripts/sysrepo/build/repository/yang".
[INF]: LY: Loading schema from "/home/M-Plane-Scripts/sysrepo/build/repository/yang/ietf-keystore@2019-07-02.yang" file.
[INF]: LY: Implemented module "ietf-netconf-acm@2018-02-14" is not used for import, revision "2018-02-14" is imported instead.
[INF]: LY: Searching for "ietf-truststore" in "/home/M-Plane-Scripts/sysrepo/build/repository/yang".
[INF]: LY: Loading schema from "/home/M-Plane-Scripts/sysrepo/build/repository/yang/ietf-truststore@2019-07-02.yang" file.
[INF]: LY: Implemented module "ietf-netconf-acm@2018-02-14" is not used for import, revision "2018-02-14" is imported instead.
[INF]: LY: Implemented module "ietf-crypto-types@2019-07-02" is not used for import, revision "2019-07-02" is imported instead.
[INF]: LY: Searching for "ietf-tcp-common" in "/home/M-Plane-Scripts/sysrepo/build/repository/yang".
[INF]: LY: Loading schema from "/home/M-Plane-Scripts/sysrepo/build/repository/yang/ietf-tcp-common@2019-07-02.yang" file.
[INF]: LY: Searching for "ietf-ssh-server" in "/home/M-Plane-Scripts/sysrepo/build/repository/yang".
[INF]: LY: Loading schema from "/home/M-Plane-Scripts/sysrepo/build/repository/yang/ietf-ssh-server@2019-07-02.yang" file.
[INF]: LY: Searching for "ietf-ssh-common" in "/home/M-Plane-Scripts/sysrepo/build/repository/yang".
[INF]: LY: Loading schema from "/home/M-Plane-Scripts/sysrepo/build/repository/yang/ietf-ssh-common@2019-07-02.yang" file.
[INF]: LY: Searching for "iana-crypt-hash" in "/home/M-Plane-Scripts/sysrepo/build/repository/yang".
[INF]: LY: Loading schema from "/home/M-Plane-Scripts/sysrepo/build/repository/yang/iana-crypt-hash@2014-08-06.yang" file.
[INF]: LY: Implemented module "ietf-netconf-acm@2018-02-14" is not used for import, revision "2018-02-14" is imported instead.
[INF]: LY: Searching for "ietf-tls-server" in "/home/M-Plane-Scripts/sysrepo/build/repository/yang".
[INF]: LY: Loading schema from "/home/M-Plane-Scripts/sysrepo/build/repository/yang/ietf-tls-server@2019-07-02.yang" file.
[INF]: LY: Searching for "ietf-tls-common" in "/home/M-Plane-Scripts/sysrepo/build/repository/yang".
[INF]: LY: Loading schema from "/home/M-Plane-Scripts/sysrepo/build/repository/yang/ietf-tls-common@2019-07-02.yang" file.
[INF]: LY: Implemented module "ietf-keystore@2019-07-02" is not used for import, revision "2019-07-02" is imported instead.
[INF]: LY: Implemented module "ietf-netconf-acm@2018-02-14" is not used for import, revision "2018-02-14" is imported instead.
[INF]: LY: Searching for "ietf-netconf-server" in "/home/M-Plane-Scripts/sysrepo/build/repository/yang".
[INF]: LY: Loading schema from "/home/M-Plane-Scripts/sysrepo/build/repository/yang/ietf-netconf-server@2019-07-02.yang" file.
[INF]: LY: Searching for "ietf-yang-types" in "/home/M-Plane-Scripts/sysrepo/build/repository/yang".
[INF]: LY: Newer revision than "ietf-yang-types@2013-07-15" not found, using this as the latest revision.
[INF]: LY: Searching for "ietf-tcp-client" in "/home/M-Plane-Scripts/sysrepo/build/repository/yang".
[INF]: LY: Loading schema from "/home/M-Plane-Scripts/sysrepo/build/repository/yang/ietf-tcp-client@2019-07-02.yang" file.
[INF]: LY: Searching for "ietf-inet-types" in "/home/M-Plane-Scripts/sysrepo/build/repository/yang".
[INF]: LY: Newer revision than "ietf-inet-types@2013-07-15" not found, using this as the latest revision.
[INF]: LY: Searching for "ietf-tcp-server" in "/home/M-Plane-Scripts/sysrepo/build/repository/yang".
[INF]: LY: Loading schema from "/home/M-Plane-Scripts/sysrepo/build/repository/yang/ietf-tcp-server@2019-07-02.yang" file.
[INF]: LY: Searching for "ietf-inet-types" in "/home/M-Plane-Scripts/sysrepo/build/repository/yang".
[INF]: LY: Newer revision than "ietf-inet-types@2013-07-15" not found, using this as the latest revision.
[INF]: LY: Implemented module "ietf-tcp-common@2019-07-02" is not used for import, revision "2019-07-02" is imported instead.
[INF]: LY: Searching for "ietf-subscribed-notifications" in "/home/M-Plane-Scripts/sysrepo/build/repository/yang".
[INF]: LY: Loading schema from "/home/M-Plane-Scripts/sysrepo/build/repository/yang/ietf-subscribed-notifications@2019-09-09.yang" file.
[INF]: LY: Searching for "ietf-inet-types" in "/home/M-Plane-Scripts/sysrepo/build/repository/yang".
[INF]: LY: Newer revision than "ietf-inet-types@2013-07-15" not found, using this as the latest revision.
[INF]: LY: Searching for "ietf-interfaces" in "/home/M-Plane-Scripts/sysrepo/build/repository/yang".
[INF]: LY: Loading schema from "/home/M-Plane-Scripts/sysrepo/build/repository/yang/ietf-interfaces@2018-02-20.yang" file.
[INF]: LY: Searching for "ietf-yang-types" in "/home/M-Plane-Scripts/sysrepo/build/repository/yang".
[INF]: LY: Newer revision than "ietf-yang-types@2013-07-15" not found, using this as the latest revision.
[INF]: LY: Implemented module "ietf-netconf-acm@2018-02-14" is not used for import, revision "2018-02-14" is imported instead.
[INF]: LY: Searching for "ietf-network-instance" in "/home/M-Plane-Scripts/sysrepo/build/repository/yang".
[INF]: LY: Loading schema from "/home/M-Plane-Scripts/sysrepo/build/repository/yang/ietf-network-instance@2019-01-21.yang" file.
[INF]: LY: Searching for "ietf-interfaces" in "/home/M-Plane-Scripts/sysrepo/build/repository/yang".
[INF]: LY: Loading schema from "/home/M-Plane-Scripts/sysrepo/build/repository/yang/ietf-interfaces@2018-02-20.yang" file.
[INF]: LY: Newer revision than "ietf-interfaces@2018-02-20" not found, using this as the latest revision.
[INF]: LY: Searching for "ietf-ip" in "/home/M-Plane-Scripts/sysrepo/build/repository/yang".
[INF]: LY: Loading schema from "/home/M-Plane-Scripts/sysrepo/build/repository/yang/ietf-ip@2018-02-22.yang" file.
[INF]: LY: Searching for "ietf-interfaces" in "/home/M-Plane-Scripts/sysrepo/build/repository/yang".
[INF]: LY: Loading schema from "/home/M-Plane-Scripts/sysrepo/build/repository/yang/ietf-interfaces@2018-02-20.yang" file.
[INF]: LY: Newer revision than "ietf-interfaces@2018-02-20" not found, using this as the latest revision.
[INF]: LY: Searching for "ietf-inet-types" in "/home/M-Plane-Scripts/sysrepo/build/repository/yang".
[INF]: LY: Newer revision than "ietf-inet-types@2013-07-15" not found, using this as the latest revision.
[INF]: LY: Searching for "ietf-yang-types" in "/home/M-Plane-Scripts/sysrepo/build/repository/yang".
[INF]: LY: Newer revision than "ietf-yang-types@2013-07-15" not found, using this as the latest revision.
[INF]: LY: Searching for "ietf-yang-schema-mount" in "/home/M-Plane-Scripts/sysrepo/build/repository/yang".
[INF]: LY: Loading schema from "/home/M-Plane-Scripts/sysrepo/build/repository/yang/ietf-yang-schema-mount@2019-01-14.yang" file.
[INF]: LY: Searching for "ietf-inet-types" in "/home/M-Plane-Scripts/sysrepo/build/repository/yang".
[INF]: LY: Newer revision than "ietf-inet-types@2013-07-15" not found, using this as the latest revision.
[INF]: LY: Searching for "ietf-yang-types" in "/home/M-Plane-Scripts/sysrepo/build/repository/yang".
[INF]: LY: Newer revision than "ietf-yang-types@2013-07-15" not found, using this as the latest revision.
[INF]: LY: Searching for "ietf-restconf" in "/home/M-Plane-Scripts/sysrepo/build/repository/yang".
[INF]: LY: Loading schema from "/home/M-Plane-Scripts/sysrepo/build/repository/yang/ietf-restconf@2017-01-26.yang" file.
[INF]: LY: Searching for "ietf-yang-types" in "/home/M-Plane-Scripts/sysrepo/build/repository/yang".
[INF]: LY: Newer revision than "ietf-yang-types@2013-07-15" not found, using this as the latest revision.
[INF]: LY: Implemented module "ietf-interfaces@2018-02-20" was not and will not be imported if the revision-date is missing in the import statement. Instead, the revision "2018-02-20" is imported.
[INF]: LY: Implemented module "ietf-network-instance@2019-01-21" was not and will not be imported if the revision-date is missing in the import statement. Instead, the revision "2019-01-21" is imported.
[INF]: LY: Searching for "ietf-yang-push" in "/home/M-Plane-Scripts/sysrepo/build/repository/yang".
[INF]: LY: Loading schema from "/home/M-Plane-Scripts/sysrepo/build/repository/yang/ietf-yang-push@2019-09-09.yang" file.
[INF]: LY: Searching for "ietf-yang-types" in "/home/M-Plane-Scripts/sysrepo/build/repository/yang".
[INF]: LY: Newer revision than "ietf-yang-types@2013-07-15" not found, using this as the latest revision.
[INF]: LY: Implemented module "ietf-datastores@2018-02-14" is not used for import, revision "2018-02-14" is imported instead.
[INF]: LY: Searching for "ietf-restconf" in "/home/M-Plane-Scripts/sysrepo/build/repository/yang".
[INF]: LY: Loading schema from "/home/M-Plane-Scripts/sysrepo/build/repository/yang/ietf-restconf@2017-01-26.yang" file.
[INF]: LY: Newer revision than "ietf-restconf@2017-01-26" not found, using this as the latest revision.
[INF]: LY: Searching for "ietf-yang-patch" in "/home/M-Plane-Scripts/sysrepo/build/repository/yang".
[INF]: LY: Loading schema from "/home/M-Plane-Scripts/sysrepo/build/repository/yang/ietf-yang-patch@2017-02-22.yang" file.
[INF]: LY: Searching for "ietf-restconf" in "/home/M-Plane-Scripts/sysrepo/build/repository/yang".
[INF]: LY: Loading schema from "/home/M-Plane-Scripts/sysrepo/build/repository/yang/ietf-restconf@2017-01-26.yang" file.
[INF]: LY: Newer revision than "ietf-restconf@2017-01-26" not found, using this as the latest revision.
[INF]: LY: Searching for "iana-hardware" in "/home/M-Plane-Scripts/sysrepo/build/repository/yang".
[INF]: LY: Loading schema from "/home/M-Plane-Scripts/sysrepo/build/repository/yang/iana-hardware@2018-03-13.yang" file.
[INF]: LY: Searching for "ietf-hardware" in "/home/M-Plane-Scripts/sysrepo/build/repository/yang".
[INF]: LY: Loading schema from "/home/M-Plane-Scripts/sysrepo/build/repository/yang/ietf-hardware@2018-03-13.yang" file.
[INF]: LY: Searching for "ietf-inet-types" in "/home/M-Plane-Scripts/sysrepo/build/repository/yang".
[INF]: LY: Newer revision than "ietf-inet-types@2013-07-15" not found, using this as the latest revision.
[INF]: LY: Searching for "ietf-yang-types" in "/home/M-Plane-Scripts/sysrepo/build/repository/yang".
[INF]: LY: Newer revision than "ietf-yang-types@2013-07-15" not found, using this as the latest revision.
[INF]: LY: Searching for "o-ran-wg4-features" in "/home/M-Plane-Scripts/sysrepo/build/repository/yang".
[INF]: LY: Loading schema from "/home/M-Plane-Scripts/sysrepo/build/repository/yang/o-ran-wg4-features@2020-12-10.yang" file.
[INF]: LY: Searching for "o-ran-hardware" in "/home/M-Plane-Scripts/sysrepo/build/repository/yang".
[INF]: LY: Loading schema from "/home/M-Plane-Scripts/sysrepo/build/repository/yang/o-ran-hardware@2020-12-10.yang" file.
[INF]: LY: Implemented module "iana-hardware@2018-03-13" is not used for import, revision "2018-03-13" is imported instead.
[INF]: LY: Searching for "ietf-yang-types" in "/home/M-Plane-Scripts/sysrepo/build/repository/yang".
[INF]: LY: Newer revision than "ietf-yang-types@2013-07-15" not found, using this as the latest revision.
[INF]: LY: Searching for "o-ran-file-management" in "/home/M-Plane-Scripts/sysrepo/build/repository/yang".
[INF]: LY: Loading schema from "/home/M-Plane-Scripts/sysrepo/build/repository/yang/o-ran-file-management@2019-07-03.yang" file.
[INF]: LY: Implemented module "ietf-crypto-types@2019-07-02" is not used for import, revision "2019-07-02" is imported instead.
[INF]: LY: Searching for "o-ran-operations" in "/home/M-Plane-Scripts/sysrepo/build/repository/yang".
[INF]: LY: Loading schema from "/home/M-Plane-Scripts/sysrepo/build/repository/yang/o-ran-operations@2020-12-10.yang" file.
[INF]: LY: Searching for "ietf-yang-types" in "/home/M-Plane-Scripts/sysrepo/build/repository/yang".
[INF]: LY: Newer revision than "ietf-yang-types@2013-07-15" not found, using this as the latest revision.
[INF]: LY: Implemented module "ietf-netconf-acm@2018-02-14" is not used for import, revision "2018-02-14" is imported instead.
[INF]: LY: Implemented module "ietf-hardware@2018-03-13" is not used for import, revision "2018-03-13" is imported instead.
[INF]: LY: Implemented module "o-ran-wg4-features@2020-12-10" is not used for import, revision "2020-12-10" is imported instead.
[INF]: LY: Searching for "mplane-rpcs" in "/home/M-Plane-Scripts/sysrepo/build/repository/yang".
[INF]: LY: Loading schema from "/home/M-Plane-Scripts/sysrepo/build/repository/yang/mplane-rpcs@2021-06-21.yang" file.
[INF]: LY: Searching for "o-ran-ald-port" in "/home/M-Plane-Scripts/sysrepo/build/repository/yang".
[INF]: LY: Loading schema from "/home/M-Plane-Scripts/sysrepo/build/repository/yang/o-ran-ald-port@2019-07-03.yang" file.
[INF]: LY: Searching for "o-ran-ald" in "/home/M-Plane-Scripts/sysrepo/build/repository/yang".
[INF]: LY: Loading schema from "/home/M-Plane-Scripts/sysrepo/build/repository/yang/o-ran-ald@2019-07-03.yang" file.
[INF]: LY: Searching for "o-ran-ves-subscribed-notifications" in "/home/M-Plane-Scripts/sysrepo/build/repository/yang".
[INF]: LY: Loading schema from "/home/M-Plane-Scripts/sysrepo/build/repository/yang/o-ran-ves-subscribed-notifications@2020-12-10.yang" file.
[INF]: LY: Implemented module "ietf-subscribed-notifications@2019-09-09" is not used for import, revision "2019-09-09" is imported instead.
[INF]: LY: Searching for "ietf-inet-types" in "/home/M-Plane-Scripts/sysrepo/build/repository/yang".
[INF]: LY: Newer revision than "ietf-inet-types@2013-07-15" not found, using this as the latest revision.
[INF]: LY: Searching for "iana-if-type" in "/home/M-Plane-Scripts/sysrepo/build/repository/yang".
[INF]: LY: Loading schema from "/home/M-Plane-Scripts/sysrepo/build/repository/yang/iana-if-type@2017-01-19.yang" file.
[INF]: LY: Implemented module "ietf-interfaces@2018-02-20" is not used for import, revision "2018-02-20" is imported instead.
[INF]: LY: Searching for "o-ran-interfaces" in "/home/M-Plane-Scripts/sysrepo/build/repository/yang".
[INF]: LY: Loading schema from "/home/M-Plane-Scripts/sysrepo/build/repository/yang/o-ran-interfaces@2020-12-10.yang" file.
[INF]: LY: Searching for "ietf-inet-types" in "/home/M-Plane-Scripts/sysrepo/build/repository/yang".
[INF]: LY: Newer revision than "ietf-inet-types@2013-07-15" not found, using this as the latest revision.
[INF]: LY: Implemented module "ietf-interfaces@2018-02-20" is not used for import, revision "2018-02-20" is imported instead.
[INF]: LY: Implemented module "ietf-ip@2018-02-22" is not used for import, revision "2018-02-22" is imported instead.
[INF]: LY: Implemented module "ietf-hardware@2018-03-13" is not used for import, revision "2018-03-13" is imported instead.
[INF]: LY: Searching for "ietf-yang-types" in "/home/M-Plane-Scripts/sysrepo/build/repository/yang".
[INF]: LY: Newer revision than "ietf-yang-types@2013-07-15" not found, using this as the latest revision.
[INF]: LY: Implemented module "iana-hardware@2018-03-13" is not used for import, revision "2018-03-13" is imported instead.
[INF]: LY: Searching for "o-ran-processing-element" in "/home/M-Plane-Scripts/sysrepo/build/repository/yang".
[INF]: LY: Loading schema from "/home/M-Plane-Scripts/sysrepo/build/repository/yang/o-ran-processing-element@2020-04-17.yang" file.
[INF]: LY: Searching for "ietf-yang-types" in "/home/M-Plane-Scripts/sysrepo/build/repository/yang".
[INF]: LY: Newer revision than "ietf-yang-types@2013-07-15" not found, using this as the latest revision.
[INF]: LY: Searching for "ietf-inet-types" in "/home/M-Plane-Scripts/sysrepo/build/repository/yang".
[INF]: LY: Newer revision than "ietf-inet-types@2013-07-15" not found, using this as the latest revision.
[INF]: LY: Implemented module "ietf-interfaces@2018-02-20" is not used for import, revision "2018-02-20" is imported instead.
[INF]: LY: Implemented module "ietf-ip@2018-02-22" is not used for import, revision "2018-02-22" is imported instead.
[INF]: LY: Searching for "o-ran-ecpri-delay" in "/home/M-Plane-Scripts/sysrepo/build/repository/yang".
[INF]: LY: Loading schema from "/home/M-Plane-Scripts/sysrepo/build/repository/yang/o-ran-ecpri-delay@2019-02-04.yang" file.
[INF]: LY: Searching for "o-ran-compression-factors" in "/home/M-Plane-Scripts/sysrepo/build/repository/yang".
[INF]: LY: Loading schema from "/home/M-Plane-Scripts/sysrepo/build/repository/yang/o-ran-compression-factors@2020-08-10.yang" file.
[INF]: LY: Searching for "o-ran-module-cap" in "/home/M-Plane-Scripts/sysrepo/build/repository/yang".
[INF]: LY: Loading schema from "/home/M-Plane-Scripts/sysrepo/build/repository/yang/o-ran-module-cap@2020-12-10.yang" file.
[INF]: LY: Searching for "o-ran-troubleshooting" in "/home/M-Plane-Scripts/sysrepo/build/repository/yang".
[INF]: LY: Loading schema from "/home/M-Plane-Scripts/sysrepo/build/repository/yang/o-ran-troubleshooting@2019-02-04.yang" file.
[INF]: LY: Searching for "o-ran-trace" in "/home/M-Plane-Scripts/sysrepo/build/repository/yang".
[INF]: LY: Loading schema from "/home/M-Plane-Scripts/sysrepo/build/repository/yang/o-ran-trace@2019-07-03.yang" file.
[INF]: LY: Searching for "ietf-dhcpv6-types" in "/home/M-Plane-Scripts/sysrepo/build/repository/yang".
[INF]: LY: Loading schema from "/home/M-Plane-Scripts/sysrepo/build/repository/yang/ietf-dhcpv6-types@2018-09-04.yang" file.
[INF]: LY: Searching for "ietf-inet-types" in "/home/M-Plane-Scripts/sysrepo/build/repository/yang".
[INF]: LY: Newer revision than "ietf-inet-types@2013-07-15" not found, using this as the latest revision.
[INF]: LY: Searching for "ietf-yang-types" in "/home/M-Plane-Scripts/sysrepo/build/repository/yang".
[INF]: LY: Newer revision than "ietf-yang-types@2013-07-15" not found, using this as the latest revision.
[INF]: LY: Searching for "o-ran-dhcp" in "/home/M-Plane-Scripts/sysrepo/build/repository/yang".
[INF]: LY: Loading schema from "/home/M-Plane-Scripts/sysrepo/build/repository/yang/o-ran-dhcp@2020-12-10.yang" file.
[INF]: LY: Implemented module "ietf-interfaces@2018-02-20" is not used for import, revision "2018-02-20" is imported instead.
[INF]: LY: Searching for "ietf-inet-types" in "/home/M-Plane-Scripts/sysrepo/build/repository/yang".
[INF]: LY: Newer revision than "ietf-inet-types@2013-07-15" not found, using this as the latest revision.
[INF]: LY: Implemented module "o-ran-wg4-features@2020-12-10" is not used for import, revision "2020-12-10" is imported instead.
[INF]: LY: Searching for "o-ran-delay-management" in "/home/M-Plane-Scripts/sysrepo/build/repository/yang".
[INF]: LY: Loading schema from "/home/M-Plane-Scripts/sysrepo/build/repository/yang/o-ran-delay-management@2020-08-10.yang" file.
[INF]: LY: Searching for "o-ran-supervision" in "/home/M-Plane-Scripts/sysrepo/build/repository/yang".
[INF]: LY: Loading schema from "/home/M-Plane-Scripts/sysrepo/build/repository/yang/o-ran-supervision@2020-12-10.yang" file.
[INF]: LY: Searching for "ietf-yang-types" in "/home/M-Plane-Scripts/sysrepo/build/repository/yang".
[INF]: LY: Newer revision than "ietf-yang-types@2013-07-15" not found, using this as the latest revision.
[INF]: LY: Implemented module "o-ran-wg4-features@2020-12-10" is not used for import, revision "2020-12-10" is imported instead.
[INF]: LY: Searching for "ietf-inet-types" in "/home/M-Plane-Scripts/sysrepo/build/repository/yang".
[INF]: LY: Newer revision than "ietf-inet-types@2013-07-15" not found, using this as the latest revision.
[INF]: LY: Searching for "o-ran-performance-management" in "/home/M-Plane-Scripts/sysrepo/build/repository/yang".
[INF]: LY: Loading schema from "/home/M-Plane-Scripts/sysrepo/build/repository/yang/o-ran-performance-management@2020-12-10.yang" file.
[INF]: LY: Implemented module "ietf-hardware@2018-03-13" is not used for import, revision "2018-03-13" is imported instead.
[INF]: LY: Implemented module "ietf-interfaces@2018-02-20" is not used for import, revision "2018-02-20" is imported instead.
[INF]: LY: Searching for "ietf-inet-types" in "/home/M-Plane-Scripts/sysrepo/build/repository/yang".
[INF]: LY: Newer revision than "ietf-inet-types@2013-07-15" not found, using this as the latest revision.
[INF]: LY: Implemented module "o-ran-interfaces@2020-12-10" is not used for import, revision "2020-12-10" is imported instead.
[INF]: LY: Implemented module "o-ran-processing-element@2020-04-17" is not used for import, revision "2020-04-17" is imported instead.
[INF]: LY: Implemented module "iana-hardware@2018-03-13" is not used for import, revision "2018-03-13" is imported instead.
[INF]: LY: Searching for "o-ran-sync" in "/home/M-Plane-Scripts/sysrepo/build/repository/yang".
[INF]: LY: Loading schema from "/home/M-Plane-Scripts/sysrepo/build/repository/yang/o-ran-sync@2020-08-10.yang" file.
[INF]: LY: Implemented module "ietf-interfaces@2018-02-20" is not used for import, revision "2018-02-20" is imported instead.
[INF]: LY: Implemented module "o-ran-interfaces@2020-12-10" is not used for import, revision "2020-12-10" is imported instead.
[INF]: LY: Searching for "o-ran-software-management" in "/home/M-Plane-Scripts/sysrepo/build/repository/yang".
[INF]: LY: Loading schema from "/home/M-Plane-Scripts/sysrepo/build/repository/yang/o-ran-software-management@2019-07-03.yang" file.
[INF]: LY: Implemented module "ietf-hardware@2018-03-13" is not used for import, revision "2018-03-13" is imported instead.
[INF]: LY: Implemented module "o-ran-file-management@2019-07-03" is not used for import, revision "2019-07-03" is imported instead.
[INF]: LY: Searching for "o-ran-uplane-conf" in "/home/M-Plane-Scripts/sysrepo/build/repository/yang".
[INF]: LY: Loading schema from "/home/M-Plane-Scripts/sysrepo/build/repository/yang/o-ran-uplane-conf@2020-12-10.yang" file.
[INF]: LY: Implemented module "o-ran-processing-element@2020-04-17" is not used for import, revision "2020-04-17" is imported instead.
[INF]: LY: Implemented module "ietf-interfaces@2018-02-20" is not used for import, revision "2018-02-20" is imported instead.
[INF]: LY: Searching for "o-ran-fan" in "/home/M-Plane-Scripts/sysrepo/build/repository/yang".
[INF]: LY: Loading schema from "/home/M-Plane-Scripts/sysrepo/build/repository/yang/o-ran-fan@2019-07-03.yang" file.
[INF]: LY: Searching for "o-ran-fm" in "/home/M-Plane-Scripts/sysrepo/build/repository/yang".
[INF]: LY: Loading schema from "/home/M-Plane-Scripts/sysrepo/build/repository/yang/o-ran-fm@2019-02-04.yang" file.
[INF]: LY: Missing explicit "deprecated" status specified in parent "epe-measurement-result", inheriting for "object-unit-id".
[INF]: LY: Missing explicit "deprecated" status specified in parent "epe-measurement-result", inheriting for "min".
[INF]: LY: Missing explicit "deprecated" status specified in parent "epe-measurement-result", inheriting for "max".
[INF]: LY: Missing explicit "deprecated" status specified in parent "epe-measurement-result", inheriting for "average".
[INF]: LY: Missing explicit "deprecated" status specified in parent "subnet", inheriting for "prefix-length".
[INF]: LY: Missing explicit "deprecated" status specified in parent "subnet", inheriting for "netmask".
[INF]: LY: Use of anydata to define configuration data is not recommended. /ietf-yang-push:{augment='/sn:filters'}/ietf-yang-push:selection-filter/{uses='selection-filter-types'}/filter-spec/datastore-subtree-filter/datastore-subtree-filter
[INF]: LY: Use of anydata to define configuration data is not recommended. /ietf-subscribed-notifications:filters/stream-filter/{uses='stream-filter-elements'}/filter-spec/stream-subtree-filter/stream-subtree-filter
[INF]: LY: Use of anydata to define configuration data is not recommended. /ietf-yang-push:{augment='/sn:subscriptions/sn:subscription/sn:target'}/ietf-yang-push:datastore/{uses='datastore-criteria'}/{uses='selection-filter-objects'}/selection-filter/within-subscription/{uses='selection-filter-types'}/filter-spec/datastore-subtree-filter/datastore-subtree-filter
[INF]: LY: Use of anydata to define configuration data is not recommended. /ietf-subscribed-notifications:subscriptions/subscription/{uses='subscription-policy'}/{uses='subscription-policy-dynamic'}/{uses='subscription-policy-modifiable'}/target/stream/stream-filter/within-subscription/{uses='stream-filter-elements'}/filter-spec/stream-subtree-filter/stream-subtree-filter
[INF]: LY: Missing explicit "deprecated" status specified in parent "lte-tdd-frame", inheriting for "subframe-assignment".
[INF]: LY: Missing explicit "deprecated" status specified in parent "lte-tdd-frame", inheriting for "special-subframe-pattern".
[INF]: LY: The ordered-by statement is ignored in lists representing notification content (/ietf-yang-push:push-change-update/datastore-changes/{uses='ypatch:yang-patch'}/yang-patch/edit).
[WRN]: LY: Invalid value "SRS" which does not fit the type (Invalid enumeration value "SRS".).
[WRN]: LY: Previous warning generated by XPath subexpression[74] "static-config-supported = 'SRS'".
[WRN]: LY: Invalid value "SRS" which does not fit the type (Invalid enumeration value "SRS".).
[WRN]: LY: Previous warning generated by XPath subexpression[74] "static-config-supported = 'SRS'".
[WRN]: LY: Invalid value "PRACH" which does not fit the type (Invalid enumeration value "PRACH".).
[WRN]: LY: Previous warning generated by XPath subexpression[74] "static-config-supported = 'PRACH'".
[WRN]: LY: Invalid value "PRACH" which does not fit the type (Invalid enumeration value "PRACH".).
[WRN]: LY: Previous warning generated by XPath subexpression[74] "static-config-supported = 'PRACH'".
[WRN]: LY: Invalid value "SRS" which does not fit the type (Invalid enumeration value "SRS".).
[WRN]: LY: Previous warning generated by XPath subexpression[81] "static-config-supported = 'SRS'".
[WRN]: LY: Invalid value "SRS" which does not fit the type (Invalid enumeration value "SRS".).
[WRN]: LY: Previous warning generated by XPath subexpression[81] "static-config-supported = 'SRS'".
[WRN]: LY: Invalid value "PRACH" which does not fit the type (Invalid enumeration value "PRACH".).
[WRN]: LY: Previous warning generated by XPath subexpression[81] "static-config-supported = 'PRACH'".
[WRN]: LY: Invalid value "PRACH" which does not fit the type (Invalid enumeration value "PRACH".).
[WRN]: LY: Previous warning generated by XPath subexpression[81] "static-config-supported = 'PRACH'".
[WRN]: LY: Invalid value "SHARED-CELL-ETH-INTERFACE" which does not fit the type (Invalid enumeration value "SHARED-CELL-ETH-INTERFACE".).
[WRN]: LY: Previous warning generated by XPath subexpression[9] "transport-session-type = 'SHARED-CELL-ETH-INTERFACE'".
[WRN]: LY: Invalid value "SHARED-CELL-ETH-INTERFACE" which does not fit the type (Invalid enumeration value "SHARED-CELL-ETH-INTERFACE".).
[WRN]: LY: Previous warning generated by XPath subexpression[9] "transport-session-type = 'SHARED-CELL-ETH-INTERFACE'".
[WRN]: LY: Invalid value "SHARED-CELL-ETH-INTERFACE" which does not fit the type (Invalid enumeration value "SHARED-CELL-ETH-INTERFACE".).
[WRN]: LY: Previous warning generated by XPath subexpression[116] "transport-session-type = 'SHARED-CELL-ETH-INTERFACE'".
[INF]: SR: No scheduled changes.
[INF]: SR: Connection 276 created.
[INF]: SR: Session 585 (user "root", CID 276) created.
[INF]: SR: Triggering "ietf-subscribed-notifications" "done" event on enabled data.
[INF]: SR: Triggering "ietf-netconf-server" "done" event on enabled data.
[INF]: SR: Triggering "ietf-netconf-server" "done" event on enabled data.
[INF]: SR: Triggering "ietf-netconf-server" "done" event on enabled data.
[INF]: LN: Listening on 0.0.0.0:830 for SSH connections.
[INF]: SR: Triggering "ietf-netconf-server" "done" event on enabled data.
[INF]: SR: Triggering "ietf-netconf-server" "done" event on enabled data.
[INF]: SR: Triggering "ietf-netconf-server" "done" event on enabled data.
[INF]: SR: Triggering "ietf-netconf-server" "done" event on enabled data.
[INF]: SR: Triggering "ietf-netconf-server" "done" event on enabled data.
[INF]: SR: Triggering "ietf-netconf-server" "done" event on enabled data.
[INF]: SR: Triggering "ietf-netconf-server" "done" event on enabled data.
[INF]: SR: Triggering "ietf-netconf-server" "done" event on enabled data.
[INF]: SR: Triggering "ietf-netconf-server" "done" event on enabled data.
[INF]: SR: Triggering "ietf-netconf-server" "done" event on enabled data.
[INF]: SR: Triggering "ietf-netconf-server" "done" event on enabled data.
[INF]: SR: Triggering "ietf-netconf-server" "done" event on enabled data.
[INF]: SR: Triggering "ietf-netconf-server" "done" event on enabled data.
[INF]: SR: Triggering "ietf-netconf-server" "done" event on enabled data.
[INF]: SR: Triggering "ietf-netconf-server" "done" event on enabled data.
[INF]: SR: Triggering "ietf-netconf-server" "done" event on enabled data.
[INF]: SR: Triggering "ietf-netconf-server" "done" event on enabled data.
[INF]: SR: Triggering "ietf-netconf-server" "done" event on enabled data.
[INF]: SR: Triggering "ietf-netconf-server" "done" event on enabled data.
[INF]: SR: Triggering "ietf-keystore" "done" event on enabled data.
[INF]: SR: Triggering "ietf-truststore" "done" event on enabled data.
[INF]: SR: Triggering "ietf-netconf-acm" "done" event on enabled data.
[INF]: SR: Triggering "ietf-netconf-acm" "done" event on enabled data.
[INF]: SR: Triggering "ietf-netconf-acm" "done" event on enabled data.
[INF]: SR: Triggering "ietf-netconf-acm" "done" event on enabled data.
